<?xml version="1.0"?>
<!DOCTYPE coverage SYSTEM "http://cobertura.sourceforge.net/xml/coverage-04.dtd">

<coverage line-rate="0.8463949843260188" branch-rate="0.751937984496124" lines-covered="270" lines-valid="319" branches-covered="194" branches-valid="258" complexity="4.695652173913044" version="2.1.1" timestamp="1579520454864">
	<sources>
		<source>/Users/claramarielueders/Desktop/Projekte/OpenReq/Qt_Trial/issuelinkmap-jira-plugin/src/main/java</source>
		<source>--source</source>
		<source>/Users/claramarielueders/Desktop/Projekte/OpenReq/Qt_Trial/issuelinkmap-jira-plugin/target/generated-sources/annotations</source>
	</sources>
	<packages>
		<package name="openreq.qt.qthulhu.api" line-rate="1.0" branch-rate="1.0" complexity="1.0">
			<classes>
				<class name="openreq.qt.qthulhu.api.JiraApi" filename="openreq/qt/qthulhu/api/JiraApi.java" line-rate="1.0" branch-rate="1.0" complexity="1.0">
					<methods>
					</methods>
					<lines>
					</lines>
				</class>
				<class name="openreq.qt.qthulhu.api.MillaApi" filename="openreq/qt/qthulhu/api/MillaApi.java" line-rate="1.0" branch-rate="1.0" complexity="1.0">
					<methods>
					</methods>
					<lines>
					</lines>
				</class>
				<class name="openreq.qt.qthulhu.api.MyPluginComponent" filename="openreq/qt/qthulhu/api/MyPluginComponent.java" line-rate="1.0" branch-rate="1.0" complexity="1.0">
					<methods>
					</methods>
					<lines>
					</lines>
				</class>
			</classes>
		</package>
		<package name="openreq.qt.qthulhu.data" line-rate="0.8774834437086093" branch-rate="0.75390625" complexity="7.384615384615385">
			<classes>
				<class name="openreq.qt.qthulhu.data.HelperFunctions" filename="openreq/qt/qthulhu/data/HelperFunctions.java" line-rate="0.9482758620689655" branch-rate="0.75" complexity="2.0">
					<methods>
						<method name="&lt;init&gt;" signature="()V" line-rate="0.0" branch-rate="1.0" complexity="0">
							<lines>
								<line number="12" hits="0" branch="false"/>
								<line number="14" hits="0" branch="false"/>
							</lines>
						</method>
						<method name="calculateUniqueID" signature="(Ljava/lang/String;)J" line-rate="1.0" branch-rate="1.0" complexity="0">
							<lines>
								<line number="24" hits="62" branch="false"/>
								<line number="26" hits="62" branch="false"/>
								<line number="27" hits="62" branch="false"/>
								<line number="30" hits="62" branch="false"/>
								<line number="31" hits="62" branch="false"/>
								<line number="32" hits="62" branch="false"/>
							</lines>
						</method>
						<method name="cleanText" signature="(Lcom/google/gson/JsonElement;)Ljava/lang/String;" line-rate="0.9411764705882353" branch-rate="0.75" complexity="0">
							<lines>
								<line number="43" hits="56" branch="true" condition-coverage="100% (2/2)">
									<conditions>
										<condition number="0" type="jump" coverage="100%"/>
									</conditions>
								</line>
								<line number="45" hits="10" branch="false"/>
								<line number="47" hits="46" branch="true" condition-coverage="50% (1/2)">
									<conditions>
										<condition number="0" type="jump" coverage="50%"/>
									</conditions>
								</line>
								<line number="50" hits="46" branch="false"/>
								<line number="51" hits="46" branch="false"/>
								<line number="52" hits="46" branch="false"/>
								<line number="53" hits="46" branch="false"/>
								<line number="54" hits="46" branch="false"/>
								<line number="55" hits="46" branch="false"/>
								<line number="56" hits="46" branch="false"/>
								<line number="57" hits="46" branch="false"/>
								<line number="58" hits="46" branch="false"/>
								<line number="59" hits="46" branch="false"/>
								<line number="60" hits="46" branch="false"/>
								<line number="61" hits="46" branch="false"/>
								<line number="62" hits="46" branch="false"/>
								<line number="67" hits="0" branch="false"/>
							</lines>
						</method>
						<method name="fillParts" signature="(Lcom/google/gson/JsonArray;Ljava/lang/String;)Lcom/google/gson/JsonArray;" line-rate="1.0" branch-rate="1.0" complexity="0">
							<lines>
								<line number="73" hits="1" branch="false"/>
								<line number="74" hits="1" branch="false"/>
								<line number="75" hits="1" branch="false"/>
								<line number="76" hits="1" branch="false"/>
								<line number="77" hits="1" branch="false"/>
								<line number="78" hits="1" branch="false"/>
								<line number="79" hits="1" branch="false"/>
								<line number="80" hits="1" branch="false"/>
								<line number="81" hits="1" branch="false"/>
								<line number="82" hits="1" branch="false"/>
								<line number="83" hits="1" branch="false"/>
								<line number="84" hits="1" branch="false"/>
								<line number="85" hits="1" branch="false"/>
								<line number="86" hits="1" branch="false"/>
								<line number="87" hits="1" branch="false"/>
								<line number="88" hits="1" branch="false"/>
								<line number="89" hits="1" branch="false"/>
								<line number="90" hits="1" branch="false"/>
								<line number="91" hits="1" branch="false"/>
								<line number="92" hits="1" branch="false"/>
								<line number="93" hits="1" branch="false"/>
								<line number="94" hits="1" branch="false"/>
								<line number="95" hits="1" branch="false"/>
								<line number="96" hits="1" branch="false"/>
								<line number="97" hits="1" branch="false"/>
								<line number="98" hits="1" branch="false"/>
								<line number="99" hits="1" branch="false"/>
								<line number="100" hits="1" branch="false"/>
								<line number="101" hits="1" branch="false"/>
								<line number="102" hits="1" branch="false"/>
								<line number="103" hits="1" branch="false"/>
								<line number="104" hits="1" branch="false"/>
								<line number="106" hits="1" branch="false"/>
							</lines>
						</method>
					</methods>
					<lines>
						<line number="12" hits="0" branch="false"/>
						<line number="14" hits="0" branch="false"/>
						<line number="24" hits="62" branch="false"/>
						<line number="26" hits="62" branch="false"/>
						<line number="27" hits="62" branch="false"/>
						<line number="30" hits="62" branch="false"/>
						<line number="31" hits="62" branch="false"/>
						<line number="32" hits="62" branch="false"/>
						<line number="43" hits="56" branch="true" condition-coverage="100% (2/2)">
							<conditions>
								<condition number="0" type="jump" coverage="100%"/>
							</conditions>
						</line>
						<line number="45" hits="10" branch="false"/>
						<line number="47" hits="46" branch="true" condition-coverage="50% (1/2)">
							<conditions>
								<condition number="0" type="jump" coverage="50%"/>
							</conditions>
						</line>
						<line number="50" hits="46" branch="false"/>
						<line number="51" hits="46" branch="false"/>
						<line number="52" hits="46" branch="false"/>
						<line number="53" hits="46" branch="false"/>
						<line number="54" hits="46" branch="false"/>
						<line number="55" hits="46" branch="false"/>
						<line number="56" hits="46" branch="false"/>
						<line number="57" hits="46" branch="false"/>
						<line number="58" hits="46" branch="false"/>
						<line number="59" hits="46" branch="false"/>
						<line number="60" hits="46" branch="false"/>
						<line number="61" hits="46" branch="false"/>
						<line number="62" hits="46" branch="false"/>
						<line number="67" hits="0" branch="false"/>
						<line number="73" hits="1" branch="false"/>
						<line number="74" hits="1" branch="false"/>
						<line number="75" hits="1" branch="false"/>
						<line number="76" hits="1" branch="false"/>
						<line number="77" hits="1" branch="false"/>
						<line number="78" hits="1" branch="false"/>
						<line number="79" hits="1" branch="false"/>
						<line number="80" hits="1" branch="false"/>
						<line number="81" hits="1" branch="false"/>
						<line number="82" hits="1" branch="false"/>
						<line number="83" hits="1" branch="false"/>
						<line number="84" hits="1" branch="false"/>
						<line number="85" hits="1" branch="false"/>
						<line number="86" hits="1" branch="false"/>
						<line number="87" hits="1" branch="false"/>
						<line number="88" hits="1" branch="false"/>
						<line number="89" hits="1" branch="false"/>
						<line number="90" hits="1" branch="false"/>
						<line number="91" hits="1" branch="false"/>
						<line number="92" hits="1" branch="false"/>
						<line number="93" hits="1" branch="false"/>
						<line number="94" hits="1" branch="false"/>
						<line number="95" hits="1" branch="false"/>
						<line number="96" hits="1" branch="false"/>
						<line number="97" hits="1" branch="false"/>
						<line number="98" hits="1" branch="false"/>
						<line number="99" hits="1" branch="false"/>
						<line number="100" hits="1" branch="false"/>
						<line number="101" hits="1" branch="false"/>
						<line number="102" hits="1" branch="false"/>
						<line number="103" hits="1" branch="false"/>
						<line number="104" hits="1" branch="false"/>
						<line number="106" hits="1" branch="false"/>
					</lines>
				</class>
				<class name="openreq.qt.qthulhu.data.LayerDepthChecker" filename="openreq/qt/qthulhu/data/LayerDepthChecker.java" line-rate="0.8" branch-rate="1.0" complexity="3.0">
					<methods>
						<method name="&lt;init&gt;" signature="()V" line-rate="0.0" branch-rate="1.0" complexity="0">
							<lines>
								<line number="12" hits="0" branch="false"/>
								<line number="14" hits="0" branch="false"/>
							</lines>
						</method>
						<method name="checkForValidLayerDepth" signature="(Ljava/lang/Integer;Ljava/lang/Integer;)I" line-rate="1.0" branch-rate="1.0" complexity="0">
							<lines>
								<line number="24" hits="4" branch="true" condition-coverage="100% (2/2)">
									<conditions>
										<condition number="0" type="jump" coverage="100%"/>
									</conditions>
								</line>
								<line number="26" hits="1" branch="false"/>
								<line number="28" hits="3" branch="true" condition-coverage="100% (2/2)">
									<conditions>
										<condition number="0" type="jump" coverage="100%"/>
									</conditions>
								</line>
								<line number="30" hits="1" branch="false"/>
								<line number="32" hits="2" branch="true" condition-coverage="100% (2/2)">
									<conditions>
										<condition number="0" type="jump" coverage="100%"/>
									</conditions>
								</line>
								<line number="34" hits="1" branch="false"/>
								<line number="38" hits="1" branch="false"/>
								<line number="40" hits="3" branch="false"/>
							</lines>
						</method>
					</methods>
					<lines>
						<line number="12" hits="0" branch="false"/>
						<line number="14" hits="0" branch="false"/>
						<line number="24" hits="4" branch="true" condition-coverage="100% (2/2)">
							<conditions>
								<condition number="0" type="jump" coverage="100%"/>
							</conditions>
						</line>
						<line number="26" hits="1" branch="false"/>
						<line number="28" hits="3" branch="true" condition-coverage="100% (2/2)">
							<conditions>
								<condition number="0" type="jump" coverage="100%"/>
							</conditions>
						</line>
						<line number="30" hits="1" branch="false"/>
						<line number="32" hits="2" branch="true" condition-coverage="100% (2/2)">
							<conditions>
								<condition number="0" type="jump" coverage="100%"/>
							</conditions>
						</line>
						<line number="34" hits="1" branch="false"/>
						<line number="38" hits="1" branch="false"/>
						<line number="40" hits="3" branch="false"/>
					</lines>
				</class>
				<class name="openreq.qt.qthulhu.data.NodeEdgeSetBuilder" filename="openreq/qt/qthulhu/data/NodeEdgeSetBuilder.java" line-rate="0.7777777777777778" branch-rate="0.7321428571428571" complexity="6.6">
					<methods>
						<method name="&lt;init&gt;" signature="()V" line-rate="0.0" branch-rate="1.0" complexity="0">
							<lines>
								<line number="23" hits="0" branch="false"/>
								<line number="25" hits="0" branch="false"/>
							</lines>
						</method>
						<method name="buildDepthNodeEdgeSet" signature="(Lcom/google/gson/JsonArray;Lcom/google/gson/JsonArray;ZLjava/lang/String;)Lcom/google/gson/JsonObject;" line-rate="1.0" branch-rate="1.0" complexity="0">
							<lines>
								<line number="114" hits="2" branch="false"/>
								<line number="116" hits="2" branch="true" condition-coverage="100% (2/2)">
									<conditions>
										<condition number="0" type="jump" coverage="100%"/>
									</conditions>
								</line>
								<line number="117" hits="1" branch="false"/>
								<line number="121" hits="7" branch="true" condition-coverage="100% (2/2)">
									<conditions>
										<condition number="0" type="jump" coverage="100%"/>
									</conditions>
								</line>
								<line number="123" hits="6" branch="false"/>
								<line number="124" hits="6" branch="false"/>
								<line number="125" hits="6" branch="false"/>
								<line number="126" hits="6" branch="false"/>
								<line number="127" hits="6" branch="false"/>
								<line number="130" hits="2" branch="false"/>
								<line number="131" hits="2" branch="false"/>
								<line number="132" hits="2" branch="false"/>
								<line number="134" hits="2" branch="false"/>
							</lines>
						</method>
						<method name="buildEdges" signature="(Lcom/google/gson/JsonArray;Lcom/google/gson/JsonObject;Z)Lcom/google/gson/JsonObject;" line-rate="1.0" branch-rate="0.6428571428571429" complexity="0">
							<lines>
								<line number="243" hits="6" branch="true" condition-coverage="100% (2/2)">
									<conditions>
										<condition number="0" type="jump" coverage="100%"/>
									</conditions>
								</line>
								<line number="245" hits="4" branch="false"/>
								<line number="246" hits="4" branch="false"/>
								<line number="247" hits="4" branch="false"/>
								<line number="249" hits="4" branch="true" condition-coverage="66% (4/6)">
									<conditions>
										<condition number="0" type="jump" coverage="100%"/>
										<condition number="1" type="jump" coverage="50%"/>
										<condition number="2" type="jump" coverage="50%"/>
									</conditions>
								</line>
								<line number="251" hits="3" branch="false"/>
								<line number="252" hits="3" branch="false"/>
								<line number="253" hits="3" branch="false"/>
								<line number="255" hits="3" branch="false"/>
								<line number="256" hits="3" branch="false"/>
								<line number="258" hits="3" branch="false"/>
								<line number="259" hits="3" branch="false"/>
								<line number="260" hits="3" branch="false"/>
								<line number="261" hits="3" branch="false"/>
								<line number="262" hits="3" branch="false"/>
								<line number="263" hits="1" branch="true" condition-coverage="50% (3/6)">
									<conditions>
										<condition number="0" type="jump" coverage="50%"/>
										<condition number="1" type="jump" coverage="50%"/>
										<condition number="2" type="jump" coverage="50%"/>
									</conditions>
								</line>
								<line number="265" hits="1" branch="false"/>
								<line number="266" hits="1" branch="false"/>
								<line number="267" hits="1" branch="false"/>
								<line number="268" hits="1" branch="false"/>
								<line number="271" hits="2" branch="false"/>
							</lines>
						</method>
						<method name="buildNodeEdgeSet" signature="(Lcom/google/gson/JsonObject;Ljava/lang/String;Z)Lcom/google/gson/JsonObject;" line-rate="0.9459459459459459" branch-rate="0.875" complexity="0">
							<lines>
								<line number="29" hits="2" branch="false"/>
								<line number="30" hits="2" branch="false"/>
								<line number="31" hits="2" branch="false"/>
								<line number="32" hits="2" branch="false"/>
								<line number="35" hits="2" branch="false"/>
								<line number="36" hits="2" branch="false"/>
								<line number="37" hits="2" branch="true" condition-coverage="100% (2/2)">
									<conditions>
										<condition number="0" type="jump" coverage="100%"/>
									</conditions>
								</line>
								<line number="39" hits="3" branch="true" condition-coverage="100% (2/2)">
									<conditions>
										<condition number="0" type="jump" coverage="100%"/>
									</conditions>
								</line>
								<line number="41" hits="2" branch="false"/>
								<line number="42" hits="2" branch="false"/>
								<line number="43" hits="2" branch="false"/>
								<line number="45" hits="2" branch="false"/>
								<line number="48" hits="2" branch="true" condition-coverage="100% (2/2)">
									<conditions>
										<condition number="0" type="jump" coverage="100%"/>
									</conditions>
								</line>
								<line number="50" hits="1" branch="false"/>
								<line number="51" hits="1" branch="false"/>
								<line number="52" hits="1" branch="false"/>
								<line number="54" hits="1" branch="true" condition-coverage="50% (1/2)">
									<conditions>
										<condition number="0" type="jump" coverage="50%"/>
									</conditions>
								</line>
								<line number="56" hits="0" branch="false"/>
								<line number="59" hits="1" branch="true" condition-coverage="50% (1/2)">
									<conditions>
										<condition number="0" type="jump" coverage="50%"/>
									</conditions>
								</line>
								<line number="61" hits="0" branch="false"/>
								<line number="64" hits="1" branch="false"/>
								<line number="65" hits="1" branch="false"/>
								<line number="67" hits="1" branch="false"/>
								<line number="68" hits="1" branch="false"/>
								<line number="74" hits="1" branch="false"/>
								<line number="75" hits="7" branch="true" condition-coverage="100% (2/2)">
									<conditions>
										<condition number="0" type="jump" coverage="100%"/>
									</conditions>
								</line>
								<line number="77" hits="6" branch="true" condition-coverage="100% (2/2)">
									<conditions>
										<condition number="0" type="jump" coverage="100%"/>
									</conditions>
								</line>
								<line number="79" hits="3" branch="false"/>
								<line number="80" hits="7" branch="true" condition-coverage="100% (2/2)">
									<conditions>
										<condition number="0" type="jump" coverage="100%"/>
									</conditions>
								</line>
								<line number="82" hits="4" branch="false"/>
								<line number="83" hits="4" branch="false"/>
								<line number="85" hits="4" branch="false"/>
								<line number="86" hits="4" branch="false"/>
								<line number="88" hits="3" branch="false"/>
								<line number="93" hits="2" branch="false"/>
								<line number="94" hits="2" branch="false"/>
								<line number="109" hits="2" branch="false"/>
							</lines>
						</method>
						<method name="buildNodes" signature="(Lcom/google/gson/JsonArray;Lcom/google/gson/JsonObject;ZLjava/lang/String;)Lcom/google/gson/JsonObject;" line-rate="0.5806451612903226" branch-rate="0.6363636363636364" complexity="0">
							<lines>
								<line number="142" hits="2" branch="false"/>
								<line number="143" hits="8" branch="true" condition-coverage="100% (2/2)">
									<conditions>
										<condition number="0" type="jump" coverage="100%"/>
									</conditions>
								</line>
								<line number="145" hits="6" branch="false"/>
								<line number="146" hits="6" branch="false"/>
								<line number="147" hits="6" branch="false"/>
								<line number="148" hits="6" branch="false"/>
								<line number="152" hits="6" branch="true" condition-coverage="100% (2/2)">
									<conditions>
										<condition number="0" type="jump" coverage="100%"/>
									</conditions>
								</line>
								<line number="153" hits="4" branch="false"/>
								<line number="154" hits="4" branch="false"/>
								<line number="156" hits="4" branch="false"/>
								<line number="157" hits="4" branch="false"/>
								<line number="161" hits="6" branch="true" condition-coverage="50% (2/4)">
									<conditions>
										<condition number="0" type="jump" coverage="50%"/>
										<condition number="1" type="jump" coverage="50%"/>
									</conditions>
								</line>
								<line number="164" hits="6" branch="false"/>
								<line number="165" hits="6" branch="false"/>
								<line number="166" hits="6" branch="false"/>
								<line number="167" hits="6" branch="false"/>
								<line number="168" hits="6" branch="false"/>
								<line number="171" hits="0" branch="false"/>
								<line number="172" hits="0" branch="true" condition-coverage="0% (0/2)">
									<conditions>
										<condition number="0" type="jump" coverage="0%"/>
									</conditions>
								</line>
								<line number="174" hits="0" branch="false"/>
								<line number="178" hits="0" branch="false"/>
								<line number="182" hits="6" branch="false"/>
								<line number="185" hits="6" branch="false"/>
								<line number="187" hits="6" branch="true" condition-coverage="50% (1/2)">
									<conditions>
										<condition number="0" type="jump" coverage="50%"/>
									</conditions>
								</line>
								<line number="189" hits="0" branch="false"/>
								<line number="191" hits="54" branch="true" condition-coverage="100% (2/2)">
									<conditions>
										<condition number="0" type="jump" coverage="100%"/>
									</conditions>
								</line>
								<line number="193" hits="48" branch="false"/>
								<line number="194" hits="48" branch="false"/>
								<line number="195" hits="48" branch="false"/>
								<line number="196" hits="48" branch="false"/>
								<line number="197" hits="48" branch="false"/>
								<line number="198" hits="48" branch="false"/>
								<line number="200" hits="6" branch="false"/>
								<line number="202" hits="6" branch="true" condition-coverage="100% (2/2)">
									<conditions>
										<condition number="0" type="jump" coverage="100%"/>
									</conditions>
								</line>
								<line number="203" hits="4" branch="false"/>
								<line number="206" hits="6" branch="false"/>
								<line number="207" hits="6" branch="false"/>
								<line number="209" hits="2" branch="true" condition-coverage="100% (2/2)">
									<conditions>
										<condition number="0" type="jump" coverage="100%"/>
									</conditions>
								</line>
								<line number="211" hits="1" branch="false"/>
								<line number="212" hits="1" branch="true" condition-coverage="50% (1/2)">
									<conditions>
										<condition number="0" type="jump" coverage="50%"/>
									</conditions>
								</line>
								<line number="214" hits="0" branch="false"/>
								<line number="215" hits="0" branch="false"/>
								<line number="216" hits="0" branch="false"/>
								<line number="217" hits="0" branch="false"/>
								<line number="218" hits="0" branch="false"/>
								<line number="219" hits="0" branch="false"/>
								<line number="220" hits="0" branch="false"/>
								<line number="221" hits="0" branch="false"/>
								<line number="222" hits="0" branch="false"/>
								<line number="223" hits="0" branch="false"/>
								<line number="224" hits="0" branch="false"/>
								<line number="225" hits="0" branch="true" condition-coverage="0% (0/2)">
									<conditions>
										<condition number="0" type="jump" coverage="0%"/>
									</conditions>
								</line>
								<line number="227" hits="0" branch="false"/>
								<line number="228" hits="0" branch="false"/>
								<line number="229" hits="0" branch="false"/>
								<line number="230" hits="0" branch="false"/>
								<line number="231" hits="0" branch="false"/>
								<line number="232" hits="0" branch="false"/>
								<line number="234" hits="0" branch="false"/>
								<line number="235" hits="0" branch="false"/>
								<line number="236" hits="0" branch="false"/>
								<line number="238" hits="2" branch="false"/>
							</lines>
						</method>
					</methods>
					<lines>
						<line number="23" hits="0" branch="false"/>
						<line number="25" hits="0" branch="false"/>
						<line number="29" hits="2" branch="false"/>
						<line number="30" hits="2" branch="false"/>
						<line number="31" hits="2" branch="false"/>
						<line number="32" hits="2" branch="false"/>
						<line number="35" hits="2" branch="false"/>
						<line number="36" hits="2" branch="false"/>
						<line number="37" hits="2" branch="true" condition-coverage="100% (2/2)">
							<conditions>
								<condition number="0" type="jump" coverage="100%"/>
							</conditions>
						</line>
						<line number="39" hits="3" branch="true" condition-coverage="100% (2/2)">
							<conditions>
								<condition number="0" type="jump" coverage="100%"/>
							</conditions>
						</line>
						<line number="41" hits="2" branch="false"/>
						<line number="42" hits="2" branch="false"/>
						<line number="43" hits="2" branch="false"/>
						<line number="45" hits="2" branch="false"/>
						<line number="48" hits="2" branch="true" condition-coverage="100% (2/2)">
							<conditions>
								<condition number="0" type="jump" coverage="100%"/>
							</conditions>
						</line>
						<line number="50" hits="1" branch="false"/>
						<line number="51" hits="1" branch="false"/>
						<line number="52" hits="1" branch="false"/>
						<line number="54" hits="1" branch="true" condition-coverage="50% (1/2)">
							<conditions>
								<condition number="0" type="jump" coverage="50%"/>
							</conditions>
						</line>
						<line number="56" hits="0" branch="false"/>
						<line number="59" hits="1" branch="true" condition-coverage="50% (1/2)">
							<conditions>
								<condition number="0" type="jump" coverage="50%"/>
							</conditions>
						</line>
						<line number="61" hits="0" branch="false"/>
						<line number="64" hits="1" branch="false"/>
						<line number="65" hits="1" branch="false"/>
						<line number="67" hits="1" branch="false"/>
						<line number="68" hits="1" branch="false"/>
						<line number="74" hits="1" branch="false"/>
						<line number="75" hits="7" branch="true" condition-coverage="100% (2/2)">
							<conditions>
								<condition number="0" type="jump" coverage="100%"/>
							</conditions>
						</line>
						<line number="77" hits="6" branch="true" condition-coverage="100% (2/2)">
							<conditions>
								<condition number="0" type="jump" coverage="100%"/>
							</conditions>
						</line>
						<line number="79" hits="3" branch="false"/>
						<line number="80" hits="7" branch="true" condition-coverage="100% (2/2)">
							<conditions>
								<condition number="0" type="jump" coverage="100%"/>
							</conditions>
						</line>
						<line number="82" hits="4" branch="false"/>
						<line number="83" hits="4" branch="false"/>
						<line number="85" hits="4" branch="false"/>
						<line number="86" hits="4" branch="false"/>
						<line number="88" hits="3" branch="false"/>
						<line number="93" hits="2" branch="false"/>
						<line number="94" hits="2" branch="false"/>
						<line number="109" hits="2" branch="false"/>
						<line number="114" hits="2" branch="false"/>
						<line number="116" hits="2" branch="true" condition-coverage="100% (2/2)">
							<conditions>
								<condition number="0" type="jump" coverage="100%"/>
							</conditions>
						</line>
						<line number="117" hits="1" branch="false"/>
						<line number="121" hits="7" branch="true" condition-coverage="100% (2/2)">
							<conditions>
								<condition number="0" type="jump" coverage="100%"/>
							</conditions>
						</line>
						<line number="123" hits="6" branch="false"/>
						<line number="124" hits="6" branch="false"/>
						<line number="125" hits="6" branch="false"/>
						<line number="126" hits="6" branch="false"/>
						<line number="127" hits="6" branch="false"/>
						<line number="130" hits="2" branch="false"/>
						<line number="131" hits="2" branch="false"/>
						<line number="132" hits="2" branch="false"/>
						<line number="134" hits="2" branch="false"/>
						<line number="142" hits="2" branch="false"/>
						<line number="143" hits="8" branch="true" condition-coverage="100% (2/2)">
							<conditions>
								<condition number="0" type="jump" coverage="100%"/>
							</conditions>
						</line>
						<line number="145" hits="6" branch="false"/>
						<line number="146" hits="6" branch="false"/>
						<line number="147" hits="6" branch="false"/>
						<line number="148" hits="6" branch="false"/>
						<line number="152" hits="6" branch="true" condition-coverage="100% (2/2)">
							<conditions>
								<condition number="0" type="jump" coverage="100%"/>
							</conditions>
						</line>
						<line number="153" hits="4" branch="false"/>
						<line number="154" hits="4" branch="false"/>
						<line number="156" hits="4" branch="false"/>
						<line number="157" hits="4" branch="false"/>
						<line number="161" hits="6" branch="true" condition-coverage="50% (2/4)">
							<conditions>
								<condition number="0" type="jump" coverage="50%"/>
								<condition number="1" type="jump" coverage="50%"/>
							</conditions>
						</line>
						<line number="164" hits="6" branch="false"/>
						<line number="165" hits="6" branch="false"/>
						<line number="166" hits="6" branch="false"/>
						<line number="167" hits="6" branch="false"/>
						<line number="168" hits="6" branch="false"/>
						<line number="171" hits="0" branch="false"/>
						<line number="172" hits="0" branch="true" condition-coverage="0% (0/2)">
							<conditions>
								<condition number="0" type="jump" coverage="0%"/>
							</conditions>
						</line>
						<line number="174" hits="0" branch="false"/>
						<line number="178" hits="0" branch="false"/>
						<line number="182" hits="6" branch="false"/>
						<line number="185" hits="6" branch="false"/>
						<line number="187" hits="6" branch="true" condition-coverage="50% (1/2)">
							<conditions>
								<condition number="0" type="jump" coverage="50%"/>
							</conditions>
						</line>
						<line number="189" hits="0" branch="false"/>
						<line number="191" hits="54" branch="true" condition-coverage="100% (2/2)">
							<conditions>
								<condition number="0" type="jump" coverage="100%"/>
							</conditions>
						</line>
						<line number="193" hits="48" branch="false"/>
						<line number="194" hits="48" branch="false"/>
						<line number="195" hits="48" branch="false"/>
						<line number="196" hits="48" branch="false"/>
						<line number="197" hits="48" branch="false"/>
						<line number="198" hits="48" branch="false"/>
						<line number="200" hits="6" branch="false"/>
						<line number="202" hits="6" branch="true" condition-coverage="100% (2/2)">
							<conditions>
								<condition number="0" type="jump" coverage="100%"/>
							</conditions>
						</line>
						<line number="203" hits="4" branch="false"/>
						<line number="206" hits="6" branch="false"/>
						<line number="207" hits="6" branch="false"/>
						<line number="209" hits="2" branch="true" condition-coverage="100% (2/2)">
							<conditions>
								<condition number="0" type="jump" coverage="100%"/>
							</conditions>
						</line>
						<line number="211" hits="1" branch="false"/>
						<line number="212" hits="1" branch="true" condition-coverage="50% (1/2)">
							<conditions>
								<condition number="0" type="jump" coverage="50%"/>
							</conditions>
						</line>
						<line number="214" hits="0" branch="false"/>
						<line number="215" hits="0" branch="false"/>
						<line number="216" hits="0" branch="false"/>
						<line number="217" hits="0" branch="false"/>
						<line number="218" hits="0" branch="false"/>
						<line number="219" hits="0" branch="false"/>
						<line number="220" hits="0" branch="false"/>
						<line number="221" hits="0" branch="false"/>
						<line number="222" hits="0" branch="false"/>
						<line number="223" hits="0" branch="false"/>
						<line number="224" hits="0" branch="false"/>
						<line number="225" hits="0" branch="true" condition-coverage="0% (0/2)">
							<conditions>
								<condition number="0" type="jump" coverage="0%"/>
							</conditions>
						</line>
						<line number="227" hits="0" branch="false"/>
						<line number="228" hits="0" branch="false"/>
						<line number="229" hits="0" branch="false"/>
						<line number="230" hits="0" branch="false"/>
						<line number="231" hits="0" branch="false"/>
						<line number="232" hits="0" branch="false"/>
						<line number="234" hits="0" branch="false"/>
						<line number="235" hits="0" branch="false"/>
						<line number="236" hits="0" branch="false"/>
						<line number="238" hits="2" branch="false"/>
						<line number="243" hits="6" branch="true" condition-coverage="100% (2/2)">
							<conditions>
								<condition number="0" type="jump" coverage="100%"/>
							</conditions>
						</line>
						<line number="245" hits="4" branch="false"/>
						<line number="246" hits="4" branch="false"/>
						<line number="247" hits="4" branch="false"/>
						<line number="249" hits="4" branch="true" condition-coverage="66% (4/6)">
							<conditions>
								<condition number="0" type="jump" coverage="100%"/>
								<condition number="1" type="jump" coverage="50%"/>
								<condition number="2" type="jump" coverage="50%"/>
							</conditions>
						</line>
						<line number="251" hits="3" branch="false"/>
						<line number="252" hits="3" branch="false"/>
						<line number="253" hits="3" branch="false"/>
						<line number="255" hits="3" branch="false"/>
						<line number="256" hits="3" branch="false"/>
						<line number="258" hits="3" branch="false"/>
						<line number="259" hits="3" branch="false"/>
						<line number="260" hits="3" branch="false"/>
						<line number="261" hits="3" branch="false"/>
						<line number="262" hits="3" branch="false"/>
						<line number="263" hits="1" branch="true" condition-coverage="50% (3/6)">
							<conditions>
								<condition number="0" type="jump" coverage="50%"/>
								<condition number="1" type="jump" coverage="50%"/>
								<condition number="2" type="jump" coverage="50%"/>
							</conditions>
						</line>
						<line number="265" hits="1" branch="false"/>
						<line number="266" hits="1" branch="false"/>
						<line number="267" hits="1" branch="false"/>
						<line number="268" hits="1" branch="false"/>
						<line number="271" hits="2" branch="false"/>
					</lines>
				</class>
				<class name="openreq.qt.qthulhu.data.ProjectIDs" filename="openreq/qt/qthulhu/data/ProjectIDs.java" line-rate="0.9797979797979798" branch-rate="0.7526315789473684" complexity="24.5">
					<methods>
						<method name="&lt;init&gt;" signature="()V" line-rate="0.0" branch-rate="1.0" complexity="0">
							<lines>
								<line number="14" hits="0" branch="false"/>
								<line number="16" hits="0" branch="false"/>
							</lines>
						</method>
						<method name="getProjectID" signature="(Ljava/lang/String;)I" line-rate="1.0" branch-rate="0.7526315789473684" complexity="0">
							<lines>
								<line number="21" hits="62" branch="true" condition-coverage="75% (143/190)">
									<conditions>
										<condition number="0" type="jump" coverage="50%"/>
										<condition number="1" type="jump" coverage="50%"/>
										<condition number="2" type="jump" coverage="50%"/>
										<condition number="3" type="jump" coverage="50%"/>
										<condition number="4" type="jump" coverage="50%"/>
										<condition number="5" type="jump" coverage="50%"/>
										<condition number="6" type="jump" coverage="50%"/>
										<condition number="7" type="jump" coverage="50%"/>
										<condition number="8" type="jump" coverage="50%"/>
										<condition number="9" type="jump" coverage="50%"/>
										<condition number="10" type="jump" coverage="50%"/>
										<condition number="11" type="jump" coverage="50%"/>
										<condition number="12" type="jump" coverage="50%"/>
										<condition number="13" type="jump" coverage="50%"/>
										<condition number="14" type="jump" coverage="50%"/>
										<condition number="15" type="jump" coverage="50%"/>
										<condition number="16" type="jump" coverage="50%"/>
										<condition number="17" type="jump" coverage="50%"/>
										<condition number="18" type="jump" coverage="50%"/>
										<condition number="19" type="jump" coverage="50%"/>
										<condition number="20" type="jump" coverage="50%"/>
										<condition number="21" type="jump" coverage="50%"/>
										<condition number="22" type="jump" coverage="50%"/>
										<condition number="23" type="jump" coverage="50%"/>
										<condition number="24" type="jump" coverage="50%"/>
										<condition number="25" type="jump" coverage="50%"/>
										<condition number="26" type="jump" coverage="50%"/>
										<condition number="27" type="jump" coverage="50%"/>
										<condition number="28" type="jump" coverage="50%"/>
										<condition number="29" type="jump" coverage="50%"/>
										<condition number="30" type="jump" coverage="50%"/>
										<condition number="31" type="jump" coverage="50%"/>
										<condition number="32" type="jump" coverage="50%"/>
										<condition number="33" type="jump" coverage="50%"/>
										<condition number="34" type="jump" coverage="50%"/>
										<condition number="35" type="jump" coverage="50%"/>
										<condition number="36" type="jump" coverage="50%"/>
										<condition number="37" type="jump" coverage="50%"/>
										<condition number="38" type="jump" coverage="50%"/>
										<condition number="39" type="jump" coverage="50%"/>
										<condition number="40" type="jump" coverage="50%"/>
										<condition number="41" type="jump" coverage="50%"/>
										<condition number="42" type="jump" coverage="50%"/>
										<condition number="43" type="jump" coverage="50%"/>
										<condition number="44" type="jump" coverage="50%"/>
										<condition number="45" type="jump" coverage="50%"/>
										<condition number="46" type="jump" coverage="50%"/>
										<condition number="0" type="switch" coverage="100%"/>
										<condition number="1" type="switch" coverage="100%"/>
									</conditions>
								</line>
								<line number="24" hits="1" branch="false"/>
								<line number="25" hits="1" branch="false"/>
								<line number="27" hits="1" branch="false"/>
								<line number="28" hits="1" branch="false"/>
								<line number="30" hits="1" branch="false"/>
								<line number="31" hits="1" branch="false"/>
								<line number="33" hits="1" branch="false"/>
								<line number="34" hits="1" branch="false"/>
								<line number="36" hits="1" branch="false"/>
								<line number="37" hits="1" branch="false"/>
								<line number="39" hits="1" branch="false"/>
								<line number="40" hits="1" branch="false"/>
								<line number="42" hits="1" branch="false"/>
								<line number="43" hits="1" branch="false"/>
								<line number="45" hits="1" branch="false"/>
								<line number="46" hits="1" branch="false"/>
								<line number="48" hits="1" branch="false"/>
								<line number="49" hits="1" branch="false"/>
								<line number="51" hits="1" branch="false"/>
								<line number="52" hits="1" branch="false"/>
								<line number="54" hits="1" branch="false"/>
								<line number="55" hits="1" branch="false"/>
								<line number="57" hits="1" branch="false"/>
								<line number="58" hits="1" branch="false"/>
								<line number="60" hits="1" branch="false"/>
								<line number="61" hits="1" branch="false"/>
								<line number="63" hits="1" branch="false"/>
								<line number="64" hits="1" branch="false"/>
								<line number="66" hits="1" branch="false"/>
								<line number="67" hits="1" branch="false"/>
								<line number="69" hits="1" branch="false"/>
								<line number="70" hits="1" branch="false"/>
								<line number="72" hits="1" branch="false"/>
								<line number="73" hits="1" branch="false"/>
								<line number="75" hits="1" branch="false"/>
								<line number="76" hits="1" branch="false"/>
								<line number="78" hits="1" branch="false"/>
								<line number="79" hits="1" branch="false"/>
								<line number="81" hits="1" branch="false"/>
								<line number="82" hits="1" branch="false"/>
								<line number="84" hits="1" branch="false"/>
								<line number="85" hits="1" branch="false"/>
								<line number="87" hits="1" branch="false"/>
								<line number="88" hits="1" branch="false"/>
								<line number="90" hits="1" branch="false"/>
								<line number="91" hits="1" branch="false"/>
								<line number="93" hits="1" branch="false"/>
								<line number="94" hits="1" branch="false"/>
								<line number="96" hits="1" branch="false"/>
								<line number="97" hits="1" branch="false"/>
								<line number="99" hits="1" branch="false"/>
								<line number="100" hits="1" branch="false"/>
								<line number="102" hits="1" branch="false"/>
								<line number="103" hits="1" branch="false"/>
								<line number="105" hits="1" branch="false"/>
								<line number="106" hits="1" branch="false"/>
								<line number="108" hits="1" branch="false"/>
								<line number="109" hits="1" branch="false"/>
								<line number="111" hits="1" branch="false"/>
								<line number="112" hits="1" branch="false"/>
								<line number="114" hits="1" branch="false"/>
								<line number="115" hits="1" branch="false"/>
								<line number="117" hits="1" branch="false"/>
								<line number="118" hits="1" branch="false"/>
								<line number="120" hits="1" branch="false"/>
								<line number="121" hits="1" branch="false"/>
								<line number="123" hits="1" branch="false"/>
								<line number="124" hits="1" branch="false"/>
								<line number="126" hits="1" branch="false"/>
								<line number="127" hits="1" branch="false"/>
								<line number="129" hits="1" branch="false"/>
								<line number="130" hits="1" branch="false"/>
								<line number="132" hits="1" branch="false"/>
								<line number="133" hits="1" branch="false"/>
								<line number="135" hits="1" branch="false"/>
								<line number="136" hits="1" branch="false"/>
								<line number="138" hits="1" branch="false"/>
								<line number="139" hits="1" branch="false"/>
								<line number="141" hits="1" branch="false"/>
								<line number="142" hits="1" branch="false"/>
								<line number="144" hits="1" branch="false"/>
								<line number="145" hits="1" branch="false"/>
								<line number="147" hits="1" branch="false"/>
								<line number="148" hits="1" branch="false"/>
								<line number="150" hits="1" branch="false"/>
								<line number="151" hits="1" branch="false"/>
								<line number="153" hits="1" branch="false"/>
								<line number="154" hits="1" branch="false"/>
								<line number="156" hits="1" branch="false"/>
								<line number="157" hits="1" branch="false"/>
								<line number="159" hits="1" branch="false"/>
								<line number="160" hits="1" branch="false"/>
								<line number="162" hits="1" branch="false"/>
								<line number="163" hits="1" branch="false"/>
								<line number="165" hits="15" branch="false"/>
								<line number="167" hits="62" branch="false"/>
							</lines>
						</method>
					</methods>
					<lines>
						<line number="14" hits="0" branch="false"/>
						<line number="16" hits="0" branch="false"/>
						<line number="21" hits="62" branch="true" condition-coverage="75% (143/190)">
							<conditions>
								<condition number="0" type="jump" coverage="50%"/>
								<condition number="1" type="jump" coverage="50%"/>
								<condition number="2" type="jump" coverage="50%"/>
								<condition number="3" type="jump" coverage="50%"/>
								<condition number="4" type="jump" coverage="50%"/>
								<condition number="5" type="jump" coverage="50%"/>
								<condition number="6" type="jump" coverage="50%"/>
								<condition number="7" type="jump" coverage="50%"/>
								<condition number="8" type="jump" coverage="50%"/>
								<condition number="9" type="jump" coverage="50%"/>
								<condition number="10" type="jump" coverage="50%"/>
								<condition number="11" type="jump" coverage="50%"/>
								<condition number="12" type="jump" coverage="50%"/>
								<condition number="13" type="jump" coverage="50%"/>
								<condition number="14" type="jump" coverage="50%"/>
								<condition number="15" type="jump" coverage="50%"/>
								<condition number="16" type="jump" coverage="50%"/>
								<condition number="17" type="jump" coverage="50%"/>
								<condition number="18" type="jump" coverage="50%"/>
								<condition number="19" type="jump" coverage="50%"/>
								<condition number="20" type="jump" coverage="50%"/>
								<condition number="21" type="jump" coverage="50%"/>
								<condition number="22" type="jump" coverage="50%"/>
								<condition number="23" type="jump" coverage="50%"/>
								<condition number="24" type="jump" coverage="50%"/>
								<condition number="25" type="jump" coverage="50%"/>
								<condition number="26" type="jump" coverage="50%"/>
								<condition number="27" type="jump" coverage="50%"/>
								<condition number="28" type="jump" coverage="50%"/>
								<condition number="29" type="jump" coverage="50%"/>
								<condition number="30" type="jump" coverage="50%"/>
								<condition number="31" type="jump" coverage="50%"/>
								<condition number="32" type="jump" coverage="50%"/>
								<condition number="33" type="jump" coverage="50%"/>
								<condition number="34" type="jump" coverage="50%"/>
								<condition number="35" type="jump" coverage="50%"/>
								<condition number="36" type="jump" coverage="50%"/>
								<condition number="37" type="jump" coverage="50%"/>
								<condition number="38" type="jump" coverage="50%"/>
								<condition number="39" type="jump" coverage="50%"/>
								<condition number="40" type="jump" coverage="50%"/>
								<condition number="41" type="jump" coverage="50%"/>
								<condition number="42" type="jump" coverage="50%"/>
								<condition number="43" type="jump" coverage="50%"/>
								<condition number="44" type="jump" coverage="50%"/>
								<condition number="45" type="jump" coverage="50%"/>
								<condition number="46" type="jump" coverage="50%"/>
								<condition number="0" type="switch" coverage="100%"/>
								<condition number="1" type="switch" coverage="100%"/>
							</conditions>
						</line>
						<line number="24" hits="1" branch="false"/>
						<line number="25" hits="1" branch="false"/>
						<line number="27" hits="1" branch="false"/>
						<line number="28" hits="1" branch="false"/>
						<line number="30" hits="1" branch="false"/>
						<line number="31" hits="1" branch="false"/>
						<line number="33" hits="1" branch="false"/>
						<line number="34" hits="1" branch="false"/>
						<line number="36" hits="1" branch="false"/>
						<line number="37" hits="1" branch="false"/>
						<line number="39" hits="1" branch="false"/>
						<line number="40" hits="1" branch="false"/>
						<line number="42" hits="1" branch="false"/>
						<line number="43" hits="1" branch="false"/>
						<line number="45" hits="1" branch="false"/>
						<line number="46" hits="1" branch="false"/>
						<line number="48" hits="1" branch="false"/>
						<line number="49" hits="1" branch="false"/>
						<line number="51" hits="1" branch="false"/>
						<line number="52" hits="1" branch="false"/>
						<line number="54" hits="1" branch="false"/>
						<line number="55" hits="1" branch="false"/>
						<line number="57" hits="1" branch="false"/>
						<line number="58" hits="1" branch="false"/>
						<line number="60" hits="1" branch="false"/>
						<line number="61" hits="1" branch="false"/>
						<line number="63" hits="1" branch="false"/>
						<line number="64" hits="1" branch="false"/>
						<line number="66" hits="1" branch="false"/>
						<line number="67" hits="1" branch="false"/>
						<line number="69" hits="1" branch="false"/>
						<line number="70" hits="1" branch="false"/>
						<line number="72" hits="1" branch="false"/>
						<line number="73" hits="1" branch="false"/>
						<line number="75" hits="1" branch="false"/>
						<line number="76" hits="1" branch="false"/>
						<line number="78" hits="1" branch="false"/>
						<line number="79" hits="1" branch="false"/>
						<line number="81" hits="1" branch="false"/>
						<line number="82" hits="1" branch="false"/>
						<line number="84" hits="1" branch="false"/>
						<line number="85" hits="1" branch="false"/>
						<line number="87" hits="1" branch="false"/>
						<line number="88" hits="1" branch="false"/>
						<line number="90" hits="1" branch="false"/>
						<line number="91" hits="1" branch="false"/>
						<line number="93" hits="1" branch="false"/>
						<line number="94" hits="1" branch="false"/>
						<line number="96" hits="1" branch="false"/>
						<line number="97" hits="1" branch="false"/>
						<line number="99" hits="1" branch="false"/>
						<line number="100" hits="1" branch="false"/>
						<line number="102" hits="1" branch="false"/>
						<line number="103" hits="1" branch="false"/>
						<line number="105" hits="1" branch="false"/>
						<line number="106" hits="1" branch="false"/>
						<line number="108" hits="1" branch="false"/>
						<line number="109" hits="1" branch="false"/>
						<line number="111" hits="1" branch="false"/>
						<line number="112" hits="1" branch="false"/>
						<line number="114" hits="1" branch="false"/>
						<line number="115" hits="1" branch="false"/>
						<line number="117" hits="1" branch="false"/>
						<line number="118" hits="1" branch="false"/>
						<line number="120" hits="1" branch="false"/>
						<line number="121" hits="1" branch="false"/>
						<line number="123" hits="1" branch="false"/>
						<line number="124" hits="1" branch="false"/>
						<line number="126" hits="1" branch="false"/>
						<line number="127" hits="1" branch="false"/>
						<line number="129" hits="1" branch="false"/>
						<line number="130" hits="1" branch="false"/>
						<line number="132" hits="1" branch="false"/>
						<line number="133" hits="1" branch="false"/>
						<line number="135" hits="1" branch="false"/>
						<line number="136" hits="1" branch="false"/>
						<line number="138" hits="1" branch="false"/>
						<line number="139" hits="1" branch="false"/>
						<line number="141" hits="1" branch="false"/>
						<line number="142" hits="1" branch="false"/>
						<line number="144" hits="1" branch="false"/>
						<line number="145" hits="1" branch="false"/>
						<line number="147" hits="1" branch="false"/>
						<line number="148" hits="1" branch="false"/>
						<line number="150" hits="1" branch="false"/>
						<line number="151" hits="1" branch="false"/>
						<line number="153" hits="1" branch="false"/>
						<line number="154" hits="1" branch="false"/>
						<line number="156" hits="1" branch="false"/>
						<line number="157" hits="1" branch="false"/>
						<line number="159" hits="1" branch="false"/>
						<line number="160" hits="1" branch="false"/>
						<line number="162" hits="1" branch="false"/>
						<line number="163" hits="1" branch="false"/>
						<line number="165" hits="15" branch="false"/>
						<line number="167" hits="62" branch="false"/>
					</lines>
				</class>
			</classes>
		</package>
		<package name="openreq.qt.qthulhu.impl" line-rate="0.8333333333333334" branch-rate="0.5" complexity="2.0">
			<classes>
				<class name="openreq.qt.qthulhu.impl.MyPluginComponentImpl" filename="openreq/qt/qthulhu/impl/MyPluginComponentImpl.java" line-rate="0.8333333333333334" branch-rate="0.5" complexity="2.0">
					<methods>
						<method name="&lt;init&gt;" signature="(Lcom/atlassian/sal/api/ApplicationProperties;)V" line-rate="1.0" branch-rate="1.0" complexity="0">
							<lines>
								<line number="24" hits="1" branch="false"/>
								<line number="25" hits="1" branch="false"/>
								<line number="26" hits="1" branch="false"/>
							</lines>
						</method>
						<method name="getName" signature="()Ljava/lang/String;" line-rate="0.6666666666666666" branch-rate="0.5" complexity="0">
							<lines>
								<line number="30" hits="1" branch="true" condition-coverage="50% (1/2)">
									<conditions>
										<condition number="0" type="jump" coverage="50%"/>
									</conditions>
								</line>
								<line number="32" hits="0" branch="false"/>
								<line number="35" hits="1" branch="false"/>
							</lines>
						</method>
					</methods>
					<lines>
						<line number="24" hits="1" branch="false"/>
						<line number="25" hits="1" branch="false"/>
						<line number="26" hits="1" branch="false"/>
						<line number="30" hits="1" branch="true" condition-coverage="50% (1/2)">
							<conditions>
								<condition number="0" type="jump" coverage="50%"/>
							</conditions>
						</line>
						<line number="32" hits="0" branch="false"/>
						<line number="35" hits="1" branch="false"/>
					</lines>
				</class>
			</classes>
		</package>
		<package name="openreq.qt.qthulhu.jira.webpanel" line-rate="0.0" branch-rate="1.0" complexity="1.0">
			<classes>
				<class name="openreq.qt.qthulhu.jira.webpanel.JiraRedirection" filename="openreq/qt/qthulhu/jira/webpanel/JiraRedirection.java" line-rate="0.0" branch-rate="1.0" complexity="1.0">
					<methods>
						<method name="&lt;init&gt;" signature="()V" line-rate="0.0" branch-rate="1.0" complexity="0">
							<lines>
								<line number="11" hits="0" branch="false"/>
							</lines>
						</method>
						<method name="getContextMap" signature="(Lcom/atlassian/jira/user/ApplicationUser;Lcom/atlassian/jira/plugin/webfragment/model/JiraHelper;)Ljava/util/Map;" line-rate="0.0" branch-rate="1.0" complexity="0">
							<lines>
								<line number="16" hits="0" branch="false"/>
								<line number="17" hits="0" branch="false"/>
								<line number="18" hits="0" branch="false"/>
								<line number="19" hits="0" branch="false"/>
							</lines>
						</method>
					</methods>
					<lines>
						<line number="11" hits="0" branch="false"/>
						<line number="16" hits="0" branch="false"/>
						<line number="17" hits="0" branch="false"/>
						<line number="18" hits="0" branch="false"/>
						<line number="19" hits="0" branch="false"/>
					</lines>
				</class>
			</classes>
		</package>
		<package name="openreq.qt.qthulhu.jira.webwork" line-rate="0.0" branch-rate="1.0" complexity="1.0">
			<classes>
				<class name="openreq.qt.qthulhu.jira.webwork.ErrorPageAction" filename="openreq/qt/qthulhu/jira/webwork/ErrorPageAction.java" line-rate="0.0" branch-rate="1.0" complexity="1.0">
					<methods>
						<method name="&lt;clinit&gt;" signature="()V" line-rate="0.0" branch-rate="1.0" complexity="0">
							<lines>
								<line number="13" hits="0" branch="false"/>
							</lines>
						</method>
						<method name="&lt;init&gt;" signature="()V" line-rate="0.0" branch-rate="1.0" complexity="0">
							<lines>
								<line number="11" hits="0" branch="false"/>
							</lines>
						</method>
						<method name="execute" signature="()Ljava/lang/String;" line-rate="0.0" branch-rate="1.0" complexity="0">
							<lines>
								<line number="20" hits="0" branch="false"/>
								<line number="24" hits="0" branch="false"/>
							</lines>
						</method>
						<method name="setPageBuilderService" signature="(Lcom/atlassian/webresource/api/assembler/PageBuilderService;)V" line-rate="0.0" branch-rate="1.0" complexity="0">
							<lines>
								<line number="28" hits="0" branch="false"/>
								<line number="29" hits="0" branch="false"/>
							</lines>
						</method>
					</methods>
					<lines>
						<line number="11" hits="0" branch="false"/>
						<line number="13" hits="0" branch="false"/>
						<line number="20" hits="0" branch="false"/>
						<line number="24" hits="0" branch="false"/>
						<line number="28" hits="0" branch="false"/>
						<line number="29" hits="0" branch="false"/>
					</lines>
				</class>
			</classes>
		</package>
	</packages>
</coverage>
